2022-11-28 10:27:23.363  INFO 4660 --- [main] c.j.springweb.ProductrestapiApplication  : Starting ProductrestapiApplication using Java 17.0.2 on DESKTOP-9AR22OI with PID 4660 (C:\Users\jusle\Documents\workspace-spring-tool-suite-4-4.14.0.RELEASE\productrestapi\target\classes started by jusle in C:\Users\jusle\Documents\workspace-spring-tool-suite-4-4.14.0.RELEASE\productrestapi)
2022-11-28 10:27:23.371  INFO 4660 --- [main] c.j.springweb.ProductrestapiApplication  : No active profile set, falling back to 1 default profile: "default"
2022-11-28 10:27:25.829  INFO 4660 --- [main] o.apache.catalina.core.StandardService   : Starting service [Tomcat]
2022-11-28 10:27:25.830  INFO 4660 --- [main] org.apache.catalina.core.StandardEngine  : Starting Servlet engine: [Apache Tomcat/9.0.69]
2022-11-28 10:27:26.002  INFO 4660 --- [main] o.a.c.c.C.[.[localhost].[/productapi]    : Initializing Spring embedded WebApplicationContext
2022-11-28 10:27:26.383  INFO 4660 --- [main] com.zaxxer.hikari.HikariDataSource       : HikariPool-1 - Starting...
2022-11-28 10:27:26.845  INFO 4660 --- [main] com.zaxxer.hikari.HikariDataSource       : HikariPool-1 - Start completed.
2022-11-28 10:27:26.906  INFO 4660 --- [main] o.hibernate.jpa.internal.util.LogHelper  : HHH000204: Processing PersistenceUnitInfo [name: default]
2022-11-28 10:27:27.036  INFO 4660 --- [main] org.hibernate.Version                    : HHH000412: Hibernate ORM core version 5.6.14.Final
2022-11-28 10:27:27.371  INFO 4660 --- [main] o.hibernate.annotations.common.Version   : HCANN000001: Hibernate Commons Annotations {5.1.2.Final}
2022-11-28 10:27:27.562  INFO 4660 --- [main] org.hibernate.dialect.Dialect            : HHH000400: Using dialect: org.hibernate.dialect.MySQL8Dialect
2022-11-28 10:27:28.228  INFO 4660 --- [main] o.h.e.t.j.p.i.JtaPlatformInitiator       : HHH000490: Using JtaPlatform implementation: [org.hibernate.engine.transaction.jta.platform.internal.NoJtaPlatform]
2022-11-28 10:27:29.287  INFO 4660 --- [main] c.j.springweb.ProductrestapiApplication  : Started ProductrestapiApplication in 6.544 seconds (JVM running for 8.327)
2022-11-28 10:27:58.436  INFO 4660 --- [http-nio-8080-exec-3] o.a.c.c.C.[.[localhost].[/productapi]    : Initializing Spring DispatcherServlet 'dispatcherServlet'
2022-11-28 10:37:37.963  INFO 4660 --- [RMI TCP Connection(19)-127.0.0.1] o.apache.catalina.core.StandardService   : Stopping service [Tomcat]
2022-11-28 10:37:37.965  INFO 4660 --- [RMI TCP Connection(19)-127.0.0.1] o.a.c.c.C.[.[localhost].[/productapi]    : Destroying Spring FrameworkServlet 'dispatcherServlet'
2022-11-28 10:37:37.977  INFO 4660 --- [RMI TCP Connection(19)-127.0.0.1] com.zaxxer.hikari.HikariDataSource       : HikariPool-1 - Shutdown initiated...
2022-11-28 10:37:37.998  INFO 4660 --- [RMI TCP Connection(19)-127.0.0.1] com.zaxxer.hikari.HikariDataSource       : HikariPool-1 - Shutdown completed.
2022-11-28 10:37:40.930  INFO 1780 --- [main] c.j.springweb.ProductrestapiApplication  : Starting ProductrestapiApplication using Java 17.0.2 on DESKTOP-9AR22OI with PID 1780 (C:\Users\jusle\Documents\workspace-spring-tool-suite-4-4.14.0.RELEASE\productrestapi\target\classes started by jusle in C:\Users\jusle\Documents\workspace-spring-tool-suite-4-4.14.0.RELEASE\productrestapi)
2022-11-28 10:37:40.934  INFO 1780 --- [main] c.j.springweb.ProductrestapiApplication  : No active profile set, falling back to 1 default profile: "default"
2022-11-28 10:37:42.730  INFO 1780 --- [main] o.apache.catalina.core.StandardService   : Starting service [Tomcat]
2022-11-28 10:37:42.731  INFO 1780 --- [main] org.apache.catalina.core.StandardEngine  : Starting Servlet engine: [Apache Tomcat/9.0.69]
2022-11-28 10:37:42.912  INFO 1780 --- [main] o.a.c.c.C.[.[localhost].[/productapi]    : Initializing Spring embedded WebApplicationContext
2022-11-28 10:37:43.331  INFO 1780 --- [main] com.zaxxer.hikari.HikariDataSource       : HikariPool-1 - Starting...
2022-11-28 10:37:43.753  INFO 1780 --- [main] com.zaxxer.hikari.HikariDataSource       : HikariPool-1 - Start completed.
2022-11-28 10:37:43.805  INFO 1780 --- [main] o.hibernate.jpa.internal.util.LogHelper  : HHH000204: Processing PersistenceUnitInfo [name: default]
2022-11-28 10:37:43.872  INFO 1780 --- [main] org.hibernate.Version                    : HHH000412: Hibernate ORM core version 5.6.14.Final
2022-11-28 10:37:44.305  INFO 1780 --- [main] o.hibernate.annotations.common.Version   : HCANN000001: Hibernate Commons Annotations {5.1.2.Final}
2022-11-28 10:37:44.454  INFO 1780 --- [main] org.hibernate.dialect.Dialect            : HHH000400: Using dialect: org.hibernate.dialect.MySQL8Dialect
2022-11-28 10:37:45.131  INFO 1780 --- [main] o.h.e.t.j.p.i.JtaPlatformInitiator       : HHH000490: Using JtaPlatform implementation: [org.hibernate.engine.transaction.jta.platform.internal.NoJtaPlatform]
2022-11-28 10:37:46.233  INFO 1780 --- [main] c.j.springweb.ProductrestapiApplication  : Started ProductrestapiApplication in 5.793 seconds (JVM running for 6.774)
2022-11-28 10:37:48.561  INFO 1780 --- [RMI TCP Connection(3)-127.0.0.1] o.a.c.c.C.[.[localhost].[/productapi]    : Initializing Spring DispatcherServlet 'dispatcherServlet'
